        -:    0:Source:dominion.c
        -:    0:Graph:dominion.gcno
        -:    0:Data:dominion.gcda
        -:    0:Runs:8
        -:    0:Programs:1
        -:    1:#include "dominion.h"
        -:    2:#include "dominion_helpers.h"
        -:    3:#include "rngs.h"
        -:    4:#include <stdio.h>
        -:    5:#include <math.h>
        -:    6:#include <stdlib.h>
        -:    7:
        -:    8://New functions (refactor) ------------------------------
function adventurerCase called 1 returned 100% blocks executed 93%
        -:    9:int adventurerCase(int drawntreasure, struct gameState *state, int currentPlayer, int z, int temphand[MAX_HAND], int cardDrawn){
        -:   10:
       10:   11:  while(drawntreasure<3){ //bug where total drawn treasure is 3 not 2
branch  0 taken 80%
branch  1 taken 20%
        -:   12:    //if the player deck is empty, shuffle the discard pile and add to deck
        4:   13:    if (state->deckCount[currentPlayer] <1){
branch  0 taken 0%
branch  1 taken 100%
    #####:   14:      shuffle(currentPlayer, state);
    #####:   15:    }
        4:   16:    drawCard(currentPlayer, state);
        4:   17:    cardDrawn = state->hand[currentPlayer][state->handCount[currentPlayer]-1];
        6:   18:    if (cardDrawn == copper || cardDrawn == silver || cardDrawn == gold)
branch  0 taken 25%
branch  1 taken 75%
branch  2 taken 100%
branch  3 taken 0%
branch  4 taken 0%
branch  5 taken 100%
        3:   19:        drawntreasure++;
        -:   20:    else{
        1:   21:        temphand[z]=cardDrawn;
        1:   22:        state->handCount[currentPlayer]--;
        1:   23:        z++;
        -:   24:    }  
        -:   25:  }
        4:   26:  while(z-1>=0){
branch  0 taken 50%
branch  1 taken 50%
        1:   27:    state->discard[currentPlayer][state->discardCount[currentPlayer]++]=temphand[z-1];
        1:   28:    z=z-1;
        -:   29:  }
        1:   30:  return 0;
        -:   31:}
        -:   32:
function smithyCase called 1 returned 100% blocks executed 100%
        -:   33:int smithyCase(int i, int currentPlayer, struct gameState *state, int handPos){
        -:   34:  // draw +3 cards
       10:   35:  for (i = 0; i < 4; i++){
branch  0 taken 80%
branch  1 taken 20%
        4:   36:    drawCard(currentPlayer, state);
        4:   37:  }
        -:   38:
        -:   39:  //discard card from hand
        1:   40:  discardCard(handPos, currentPlayer, state, 1);
        1:   41:  return 0;
        -:   42:}
        -:   43:
function councilRoomCase called 1 returned 100% blocks executed 100%
        -:   44:int councilRoomCase(int i, int currentPlayer, struct gameState *state, int handPos){
        -:   45:  // +4 Cards
       10:   46:  for (i = 0; i < 4; i++){
branch  0 taken 80%
branch  1 taken 20%
        4:   47:    drawCard(currentPlayer, state);
        4:   48:  }
        -:   49:
        -:   50:  //+1 Buy
        1:   51:  state->numBuys+=3;
        -:   52:
        -:   53:  //Each other players draws a card
        6:   54:  for (i = 0; i < state->numPlayers; i++){
branch  0 taken 67%
branch  1 taken 33%
        2:   55:    if (i != currentPlayer){
branch  0 taken 50%
branch  1 taken 50%
        1:   56:      drawCard(i, state);
        1:   57:    }
        2:   58:  }
        -:   59:
        -:   60:  // put played card in played card pile
        1:   61:  discardCard(handPos, currentPlayer, state, 0);
        1:   62:}
        -:   63:
function mineCase called 0 returned 0% blocks executed 0%
        -:   64:int mineCase(int i, int j, struct gameState *state, int currentPlayer, int choice1, int choice2, int handPos){
        -:   65:
    #####:   66:  j = state->hand[currentPlayer][choice1];  //store card we will trash
        -:   67:
    #####:   68:  if (state->hand[currentPlayer][choice1] < copper || state->hand[currentPlayer][choice1] > gold)
branch  0 never executed
branch  1 never executed
branch  2 never executed
branch  3 never executed
        -:   69:  {
    #####:   70:    return -1;
        -:   71:  }
        -:   72:    
    #####:   73:  if (choice2 > treasure_map || choice2 < curse)
branch  0 never executed
branch  1 never executed
branch  2 never executed
branch  3 never executed
        -:   74:  {
    #####:   75:    return -1;
        -:   76:  }
        -:   77:
    #####:   78:  if ( (getCost(state->hand[currentPlayer][choice1]) + 3) > getCost(choice2) )
branch  0 never executed
branch  1 never executed
        -:   79:  {
    #####:   80:    return -1;
        -:   81:  }
        -:   82:
    #####:   83:  gainCard(choice2, state, 1, currentPlayer);
        -:   84:
        -:   85:  //discard card from hand
    #####:   86:  discardCard(handPos, currentPlayer, state, 0);
        -:   87:
        -:   88:  //discard trashed card
    #####:   89:  for (i = 0; i < state->handCount[currentPlayer]; i++)
branch  0 never executed
branch  1 never executed
        -:   90:  {
    #####:   91:    if (state->hand[currentPlayer][i] == j)
branch  0 never executed
branch  1 never executed
        -:   92:      {
    #####:   93:        discardCard(i, currentPlayer, state, 0);      
    #####:   94:        break;
        -:   95:      }
    #####:   96:  }
        -:   97:      
    #####:   98:      return 0;
    #####:   99:}
        -:  100:
function villageCase called 1 returned 100% blocks executed 100%
        -:  101:int villageCase(int currentPlayer, struct gameState *state, int handPos){
        -:  102:        //+1 Card
        1:  103:      drawCard(currentPlayer, state);
        -:  104:      
        -:  105:      //+2 Actions
        1:  106:      state->numActions = state->numActions + 2;
        -:  107:      
        -:  108:      //discard played card from hand
        1:  109:      discardCard(handPos, currentPlayer, state, 0);
        1:  110:      return 0;
        -:  111:}
        -:  112://--------------------------------------------------------------------------
        -:  113:
function compare called 252 returned 100% blocks executed 85%
        -:  114:int compare(const void* a, const void* b) {
      252:  115:  if (*(int*)a > *(int*)b)
branch  0 taken 0%
branch  1 taken 100%
    #####:  116:    return 1;
      252:  117:  if (*(int*)a < *(int*)b)
branch  0 taken 36%
branch  1 taken 64%
       90:  118:    return -1;
      162:  119:  return 0;
      252:  120:}
        -:  121:
function newGame called 0 returned 0% blocks executed 0%
        -:  122:struct gameState* newGame() {
    #####:  123:  struct gameState* g = malloc(sizeof(struct gameState));
    #####:  124:  return g;
        -:  125:}
        -:  126:
function kingdomCards called 0 returned 0% blocks executed 0%
        -:  127:int* kingdomCards(int k1, int k2, int k3, int k4, int k5, int k6, int k7,
        -:  128:		  int k8, int k9, int k10) {
    #####:  129:  int* k = malloc(10 * sizeof(int));
    #####:  130:  k[0] = k1;
    #####:  131:  k[1] = k2;
    #####:  132:  k[2] = k3;
    #####:  133:  k[3] = k4;
    #####:  134:  k[4] = k5;
    #####:  135:  k[5] = k6;
    #####:  136:  k[6] = k7;
    #####:  137:  k[7] = k8;
    #####:  138:  k[8] = k9;
    #####:  139:  k[9] = k10;
    #####:  140:  return k;
        -:  141:}
        -:  142:
function initializeGame called 9 returned 100% blocks executed 87%
        -:  143:int initializeGame(int numPlayers, int kingdomCards[10], int randomSeed,
        -:  144:		   struct gameState *state) {
        -:  145:
        -:  146:  int i;
        -:  147:  int j;
        -:  148:  int it;			
        -:  149:  //set up random number generator
        9:  150:  SelectStream(1);
        9:  151:  PutSeed((long)randomSeed);
        -:  152:  
        -:  153:  //check number of players
       18:  154:  if (numPlayers > MAX_PLAYERS || numPlayers < 2)
branch  0 taken 100%
branch  1 taken 0%
branch  2 taken 0%
branch  3 taken 100%
        -:  155:    {
    #####:  156:      return -1;
        -:  157:    }
        -:  158:
        -:  159:  //set number of players
        9:  160:  state->numPlayers = numPlayers;
        -:  161:
        -:  162:  //check selected kingdom cards are different
      198:  163:  for (i = 0; i < 10; i++)
branch  0 taken 91%
branch  1 taken 9%
        -:  164:    {
     1980:  165:      for (j = 0; j < 10; j++)
branch  0 taken 91%
branch  1 taken 9%
        -:  166:        {
     1710:  167:	  if (j != i && kingdomCards[j] == kingdomCards[i])
branch  0 taken 90%
branch  1 taken 10%
branch  2 taken 0%
branch  3 taken 100%
        -:  168:	    {
    #####:  169:	      return -1;
        -:  170:	    }
      900:  171:        }
       90:  172:    }
        -:  173:
        -:  174:
        -:  175:  //initialize supply
        -:  176:  ///////////////////////////////
        -:  177:
        -:  178:  //set number of Curse cards
        9:  179:  if (numPlayers == 2)
branch  0 taken 100%
branch  1 taken 0%
        -:  180:    {
        9:  181:      state->supplyCount[curse] = 10;
        9:  182:    }
    #####:  183:  else if (numPlayers == 3)
branch  0 never executed
branch  1 never executed
        -:  184:    {
    #####:  185:      state->supplyCount[curse] = 20;
    #####:  186:    }
        -:  187:  else
        -:  188:    {
    #####:  189:      state->supplyCount[curse] = 30;
        -:  190:    }
        -:  191:
        -:  192:  //set number of Victory cards
        9:  193:  if (numPlayers == 2)
branch  0 taken 100%
branch  1 taken 0%
        -:  194:    {
        9:  195:      state->supplyCount[estate] = 8;
        9:  196:      state->supplyCount[duchy] = 8;
        9:  197:      state->supplyCount[province] = 8;
        9:  198:    }
        -:  199:  else
        -:  200:    {
    #####:  201:      state->supplyCount[estate] = 12;
    #####:  202:      state->supplyCount[duchy] = 12;
    #####:  203:      state->supplyCount[province] = 12;
        -:  204:    }
        -:  205:
        -:  206:  //set number of Treasure cards
        9:  207:  state->supplyCount[copper] = 60 - (7 * numPlayers);
        9:  208:  state->supplyCount[silver] = 40;
        9:  209:  state->supplyCount[gold] = 30;
        -:  210:
        -:  211:  //set number of Kingdom cards
      378:  212:  for (i = adventurer; i <= treasure_map; i++)       	//loop all cards
branch  0 taken 95%
branch  1 taken 5%
        -:  213:    {
     2970:  214:      for (j = 0; j < 10; j++)           		//loop chosen cards
branch  0 taken 94%
branch  1 taken 6%
        -:  215:	{
     1395:  216:	  if (kingdomCards[j] == i)
branch  0 taken 6%
branch  1 taken 94%
        -:  217:	    {
        -:  218:	      //check if card is a 'Victory' Kingdom card
      180:  219:	      if (kingdomCards[j] == great_hall || kingdomCards[j] == gardens)
branch  0 taken 100%
branch  1 taken 0%
branch  2 taken 10%
branch  3 taken 90%
        -:  220:		{
        9:  221:		  if (numPlayers == 2){ 
branch  0 taken 100%
branch  1 taken 0%
        9:  222:		    state->supplyCount[i] = 8; 
        9:  223:		  }
    #####:  224:		  else{ state->supplyCount[i] = 12; }
        9:  225:		}
        -:  226:	      else
        -:  227:		{
       81:  228:		  state->supplyCount[i] = 10;
        -:  229:		}
       90:  230:	      break;
        -:  231:	    }
        -:  232:	  else    //card is not in the set choosen for the game
        -:  233:	    {
     1305:  234:	      state->supplyCount[i] = -1;
        -:  235:	    }
     1305:  236:	}
        -:  237:
      180:  238:    }
        -:  239:
        -:  240:  ////////////////////////
        -:  241:  //supply intilization complete
        -:  242:
        -:  243:  //set player decks
       54:  244:  for (i = 0; i < numPlayers; i++)
branch  0 taken 67%
branch  1 taken 33%
        -:  245:    {
       18:  246:      state->deckCount[i] = 0;
      144:  247:      for (j = 0; j < 3; j++)
branch  0 taken 75%
branch  1 taken 25%
        -:  248:	{
       54:  249:	  state->deck[i][j] = estate;
       54:  250:	  state->deckCount[i]++;
       54:  251:	}
      288:  252:      for (j = 3; j < 10; j++)
branch  0 taken 88%
branch  1 taken 13%
        -:  253:	{
      126:  254:	  state->deck[i][j] = copper;
      126:  255:	  state->deckCount[i]++;		
      126:  256:	}
       18:  257:    }
        -:  258:
        -:  259:  //shuffle player decks
       54:  260:  for (i = 0; i < numPlayers; i++)
branch  0 taken 67%
branch  1 taken 33%
        -:  261:    {
       18:  262:      if ( shuffle(i, state) < 0 )
branch  0 taken 0%
branch  1 taken 100%
        -:  263:	{
    #####:  264:	  return -1;
        -:  265:	}
       18:  266:    }
        -:  267:
        -:  268:  //draw player hands
       54:  269:  for (i = 0; i < numPlayers; i++)
branch  0 taken 67%
branch  1 taken 33%
        -:  270:    {  
        -:  271:      //initialize hand size to zero
       18:  272:      state->handCount[i] = 0;
       18:  273:      state->discardCount[i] = 0;
        -:  274:      //draw 5 cards
        -:  275:      // for (j = 0; j < 5; j++)
        -:  276:      //	{
        -:  277:      //	  drawCard(i, state);
        -:  278:      //	}
       18:  279:    }
        -:  280:  
        -:  281:  //set embargo tokens to 0 for all supply piles
      504:  282:  for (i = 0; i <= treasure_map; i++)
branch  0 taken 96%
branch  1 taken 4%
        -:  283:    {
      243:  284:      state->embargoTokens[i] = 0;
      243:  285:    }
        -:  286:
        -:  287:  //initialize first player's turn
        9:  288:  state->outpostPlayed = 0;
        9:  289:  state->phase = 0;
        9:  290:  state->numActions = 1;
        9:  291:  state->numBuys = 1;
        9:  292:  state->playedCardCount = 0;
        9:  293:  state->whoseTurn = 0;
        9:  294:  state->handCount[state->whoseTurn] = 0;
        -:  295:  //int it; move to top
        -:  296:
        -:  297:  //Moved draw cards to here, only drawing at the start of a turn
      108:  298:  for (it = 0; it < 5; it++){
branch  0 taken 83%
branch  1 taken 17%
       45:  299:    drawCard(state->whoseTurn, state);
       45:  300:  }
        -:  301:
        9:  302:  updateCoins(state->whoseTurn, state, 0);
        -:  303:
        9:  304:  return 0;
        9:  305:}
        -:  306:
function shuffle called 18 returned 100% blocks executed 93%
        -:  307:int shuffle(int player, struct gameState *state) {
        -:  308: 
        -:  309:
        -:  310:  int newDeck[MAX_DECK];
       18:  311:  int newDeckPos = 0;
        -:  312:  int card;
        -:  313:  int i;
        -:  314:
       18:  315:  if (state->deckCount[player] < 1)
branch  0 taken 0%
branch  1 taken 100%
    #####:  316:    return -1;
       18:  317:  qsort ((void*)(state->deck[player]), state->deckCount[player], sizeof(int), compare); 
        -:  318:  /* SORT CARDS IN DECK TO ENSURE DETERMINISM! */
        -:  319:
      396:  320:  while (state->deckCount[player] > 0) {
branch  0 taken 91%
branch  1 taken 9%
      180:  321:    card = floor(Random() * state->deckCount[player]);
      180:  322:    newDeck[newDeckPos] = state->deck[player][card];
      180:  323:    newDeckPos++;
     1250:  324:    for (i = card; i < state->deckCount[player]-1; i++) {
branch  0 taken 71%
branch  1 taken 29%
      445:  325:      state->deck[player][i] = state->deck[player][i+1];
      445:  326:    }
      180:  327:    state->deckCount[player]--;
        -:  328:  }
      396:  329:  for (i = 0; i < newDeckPos; i++) {
branch  0 taken 91%
branch  1 taken 9%
      180:  330:    state->deck[player][i] = newDeck[i];
      180:  331:    state->deckCount[player]++;
      180:  332:  }
        -:  333:
       18:  334:  return 0;
       18:  335:}
        -:  336:
function playCard called 0 returned 0% blocks executed 0%
        -:  337:int playCard(int handPos, int choice1, int choice2, int choice3, struct gameState *state) 
        -:  338:{	
        -:  339:  int card;
    #####:  340:  int coin_bonus = 0; 		//tracks coins gain from actions
        -:  341:
        -:  342:  //check if it is the right phase
    #####:  343:  if (state->phase != 0)
branch  0 never executed
branch  1 never executed
        -:  344:    {
    #####:  345:      return -1;
        -:  346:    }
        -:  347:	
        -:  348:  //check if player has enough actions
    #####:  349:  if ( state->numActions < 1 )
branch  0 never executed
branch  1 never executed
        -:  350:    {
    #####:  351:      return -1;
        -:  352:    }
        -:  353:	
        -:  354:  //get card played
    #####:  355:  card = handCard(handPos, state);
        -:  356:	
        -:  357:  //check if selected card is an action
    #####:  358:  if ( card < adventurer || card > treasure_map )
branch  0 never executed
branch  1 never executed
branch  2 never executed
branch  3 never executed
        -:  359:    {
    #####:  360:      return -1;
        -:  361:    }
        -:  362:	
        -:  363:  //play card
    #####:  364:  if ( cardEffect(card, choice1, choice2, choice3, state, handPos, &coin_bonus) < 0 )
branch  0 never executed
branch  1 never executed
        -:  365:    {
    #####:  366:      return -1;
        -:  367:    }
        -:  368:	
        -:  369:  //reduce number of actions
    #####:  370:  state->numActions--;
        -:  371:
        -:  372:  //update coins (Treasure cards may be added with card draws)
    #####:  373:  updateCoins(state->whoseTurn, state, coin_bonus);
        -:  374:	
    #####:  375:  return 0;
    #####:  376:}
        -:  377:
function buyCard called 0 returned 0% blocks executed 0%
        -:  378:int buyCard(int supplyPos, struct gameState *state) {
        -:  379:  int who;
        -:  380:  if (DEBUG){
        -:  381:    printf("Entering buyCard...\n");
        -:  382:  }
        -:  383:
        -:  384:  // I don't know what to do about the phase thing.
        -:  385:
    #####:  386:  who = state->whoseTurn;
        -:  387:
    #####:  388:  if (state->numBuys < 1){
branch  0 never executed
branch  1 never executed
        -:  389:    if (DEBUG)
        -:  390:      printf("You do not have any buys left\n");
    #####:  391:    return -1;
    #####:  392:  } else if (supplyCount(supplyPos, state) <1){
branch  0 never executed
branch  1 never executed
        -:  393:    if (DEBUG)
        -:  394:      printf("There are not any of that type of card left\n");
    #####:  395:    return -1;
    #####:  396:  } else if (state->coins < getCost(supplyPos)){
branch  0 never executed
branch  1 never executed
        -:  397:    if (DEBUG) 
        -:  398:      printf("You do not have enough money to buy that. You have %d coins.\n", state->coins);
    #####:  399:    return -1;
        -:  400:  } else {
    #####:  401:    state->phase=1;
        -:  402:    //state->supplyCount[supplyPos]--;
    #####:  403:    gainCard(supplyPos, state, 0, who); //card goes in discard, this might be wrong.. (2 means goes into hand, 0 goes into discard)
        -:  404:  
    #####:  405:    state->coins = (state->coins) - (getCost(supplyPos));
    #####:  406:    state->numBuys--;
        -:  407:    if (DEBUG)
        -:  408:      printf("You bought card number %d for %d coins. You now have %d buys and %d coins.\n", supplyPos, getCost(supplyPos), state->numBuys, state->coins);
        -:  409:  }
        -:  410:
        -:  411:  //state->discard[who][state->discardCount[who]] = supplyPos;
        -:  412:  //state->discardCount[who]++;
        -:  413:    
    #####:  414:  return 0;
    #####:  415:}
        -:  416:
function numHandCards called 0 returned 0% blocks executed 0%
        -:  417:int numHandCards(struct gameState *state) {
    #####:  418:  return state->handCount[ whoseTurn(state) ];
        -:  419:}
        -:  420:
function handCard called 10 returned 100% blocks executed 100%
        -:  421:int handCard(int handPos, struct gameState *state) {
       10:  422:  int currentPlayer = whoseTurn(state);
       10:  423:  return state->hand[currentPlayer][handPos];
        -:  424:}
        -:  425:
function supplyCount called 27 returned 100% blocks executed 100%
        -:  426:int supplyCount(int card, struct gameState *state) {
       27:  427:  return state->supplyCount[card];
        -:  428:}
        -:  429:
function fullDeckCount called 0 returned 0% blocks executed 0%
        -:  430:int fullDeckCount(int player, int card, struct gameState *state) {
        -:  431:  int i;
    #####:  432:  int count = 0;
        -:  433:
    #####:  434:  for (i = 0; i < state->deckCount[player]; i++)
branch  0 never executed
branch  1 never executed
        -:  435:    {
    #####:  436:      if (state->deck[player][i] == card) count++;
branch  0 never executed
branch  1 never executed
    #####:  437:    }
        -:  438:
    #####:  439:  for (i = 0; i < state->handCount[player]; i++)
branch  0 never executed
branch  1 never executed
        -:  440:    {
    #####:  441:      if (state->hand[player][i] == card) count++;
branch  0 never executed
branch  1 never executed
    #####:  442:    }
        -:  443:
    #####:  444:  for (i = 0; i < state->discardCount[player]; i++)
branch  0 never executed
branch  1 never executed
        -:  445:    {
    #####:  446:      if (state->discard[player][i] == card) count++;
branch  0 never executed
branch  1 never executed
    #####:  447:    }
        -:  448:
    #####:  449:  return count;
        -:  450:}
        -:  451:
function whoseTurn called 12 returned 100% blocks executed 100%
        -:  452:int whoseTurn(struct gameState *state) {
       12:  453:  return state->whoseTurn;
        -:  454:}
        -:  455:
function endTurn called 2 returned 100% blocks executed 100%
        -:  456:int endTurn(struct gameState *state) {
        -:  457:  int k;
        -:  458:  int i;
        2:  459:  int currentPlayer = whoseTurn(state);
        -:  460:  
        -:  461:  //Discard hand
       24:  462:  for (i = 0; i < state->handCount[currentPlayer]; i++){
branch  0 taken 83%
branch  1 taken 17%
       10:  463:    state->discard[currentPlayer][state->discardCount[currentPlayer]++] = state->hand[currentPlayer][i];//Discard
       10:  464:    state->hand[currentPlayer][i] = -1;//Set card to -1
       10:  465:  }
        2:  466:  state->handCount[currentPlayer] = 0;//Reset hand count
        -:  467:    
        -:  468:  //Code for determining the player
        2:  469:  if (currentPlayer < (state->numPlayers - 1)){ 
branch  0 taken 50%
branch  1 taken 50%
        1:  470:    state->whoseTurn = currentPlayer + 1;//Still safe to increment
        1:  471:  }
        -:  472:  else{
        1:  473:    state->whoseTurn = 0;//Max player has been reached, loop back around to player 1
        -:  474:  }
        -:  475:
        2:  476:  state->outpostPlayed = 0;
        2:  477:  state->phase = 0;
        2:  478:  state->numActions = 1;
        2:  479:  state->coins = 0;
        2:  480:  state->numBuys = 1;
        2:  481:  state->playedCardCount = 0;
        2:  482:  state->handCount[state->whoseTurn] = 0;
        -:  483:
        -:  484:  //int k; move to top
        -:  485:  //Next player draws hand
       24:  486:  for (k = 0; k < 5; k++){
branch  0 taken 83%
branch  1 taken 17%
       10:  487:    drawCard(state->whoseTurn, state);//Draw a card
       10:  488:  }
        -:  489:
        -:  490:  //Update money
        2:  491:  updateCoins(state->whoseTurn, state , 0);
        -:  492:
        2:  493:  return 0;
        -:  494:}
        -:  495:
function isGameOver called 5 returned 100% blocks executed 100%
        -:  496:int isGameOver(struct gameState *state) {
        -:  497:  int i;
        -:  498:  int j;
        -:  499:	
        -:  500:  //if stack of Province cards is empty, the game ends
        5:  501:  if (state->supplyCount[province] == 0)
branch  0 taken 20%
branch  1 taken 80%
        -:  502:    {
        1:  503:      return 1;
        -:  504:    }
        -:  505:
        -:  506:  //if three supply pile are at 0, the game ends
        4:  507:  j = 0;
      208:  508:  for (i = 0; i < 25; i++)
branch  0 taken 96%
branch  1 taken 4%
        -:  509:    {
      100:  510:      if (state->supplyCount[i] == 0)
branch  0 taken 7%
branch  1 taken 93%
        -:  511:	{
        7:  512:	  j++;
        7:  513:	}
      100:  514:    }
        4:  515:  if ( j >= 3)
branch  0 taken 25%
branch  1 taken 75%
        -:  516:    {
        1:  517:      return 1;
        -:  518:    }
        -:  519:
        3:  520:  return 0;
        5:  521:}
        -:  522:
function scoreFor called 0 returned 0% blocks executed 0%
        -:  523:int scoreFor (int player, struct gameState *state) {
        -:  524:
        -:  525:  int i;
    #####:  526:  int score = 0;
        -:  527:  //score from hand
    #####:  528:  for (i = 0; i < state->handCount[player]; i++)
branch  0 never executed
branch  1 never executed
        -:  529:    {
    #####:  530:      if (state->hand[player][i] == curse) { score = score - 1; };
branch  0 never executed
branch  1 never executed
    #####:  531:      if (state->hand[player][i] == estate) { score = score + 1; };
branch  0 never executed
branch  1 never executed
    #####:  532:      if (state->hand[player][i] == duchy) { score = score + 3; };
branch  0 never executed
branch  1 never executed
    #####:  533:      if (state->hand[player][i] == province) { score = score + 6; };
branch  0 never executed
branch  1 never executed
    #####:  534:      if (state->hand[player][i] == great_hall) { score = score + 1; };
branch  0 never executed
branch  1 never executed
    #####:  535:      if (state->hand[player][i] == gardens) { score = score + ( fullDeckCount(player, 0, state) / 10 ); };
branch  0 never executed
branch  1 never executed
    #####:  536:    }
        -:  537:
        -:  538:  //score from discard
    #####:  539:  for (i = 0; i < state->discardCount[player]; i++)
branch  0 never executed
branch  1 never executed
        -:  540:    {
    #####:  541:      if (state->discard[player][i] == curse) { score = score - 1; };
branch  0 never executed
branch  1 never executed
    #####:  542:      if (state->discard[player][i] == estate) { score = score + 1; };
branch  0 never executed
branch  1 never executed
    #####:  543:      if (state->discard[player][i] == duchy) { score = score + 3; };
branch  0 never executed
branch  1 never executed
    #####:  544:      if (state->discard[player][i] == province) { score = score + 6; };
branch  0 never executed
branch  1 never executed
    #####:  545:      if (state->discard[player][i] == great_hall) { score = score + 1; };
branch  0 never executed
branch  1 never executed
    #####:  546:      if (state->discard[player][i] == gardens) { score = score + ( fullDeckCount(player, 0, state) / 10 ); };
branch  0 never executed
branch  1 never executed
    #####:  547:    }
        -:  548:
        -:  549:  //score from deck
    #####:  550:  for (i = 0; i < state->discardCount[player]; i++)
branch  0 never executed
branch  1 never executed
        -:  551:    {
    #####:  552:      if (state->deck[player][i] == curse) { score = score - 1; };
branch  0 never executed
branch  1 never executed
    #####:  553:      if (state->deck[player][i] == estate) { score = score + 1; };
branch  0 never executed
branch  1 never executed
    #####:  554:      if (state->deck[player][i] == duchy) { score = score + 3; };
branch  0 never executed
branch  1 never executed
    #####:  555:      if (state->deck[player][i] == province) { score = score + 6; };
branch  0 never executed
branch  1 never executed
    #####:  556:      if (state->deck[player][i] == great_hall) { score = score + 1; };
branch  0 never executed
branch  1 never executed
    #####:  557:      if (state->deck[player][i] == gardens) { score = score + ( fullDeckCount(player, 0, state) / 10 ); };
branch  0 never executed
branch  1 never executed
    #####:  558:    }
        -:  559:
    #####:  560:  return score;
        -:  561:}
        -:  562:
function getWinners called 0 returned 0% blocks executed 0%
        -:  563:int getWinners(int players[MAX_PLAYERS], struct gameState *state) {
        -:  564:  int i;	
        -:  565:  int j;
        -:  566:  int highScore;
        -:  567:  int currentPlayer;
        -:  568:
        -:  569:  //get score for each player
    #####:  570:  for (i = 0; i < MAX_PLAYERS; i++)
branch  0 never executed
branch  1 never executed
        -:  571:    {
        -:  572:      //set unused player scores to -9999
    #####:  573:      if (i >= state->numPlayers)
branch  0 never executed
branch  1 never executed
        -:  574:	{
    #####:  575:	  players[i] = -9999;
    #####:  576:	}
        -:  577:      else
        -:  578:	{
    #####:  579:	  players[i] = scoreFor (i, state);
        -:  580:	}
    #####:  581:    }
        -:  582:
        -:  583:  //find highest score
    #####:  584:  j = 0;
    #####:  585:  for (i = 0; i < MAX_PLAYERS; i++)
branch  0 never executed
branch  1 never executed
        -:  586:    {
    #####:  587:      if (players[i] > players[j])
branch  0 never executed
branch  1 never executed
        -:  588:	{
    #####:  589:	  j = i;
    #####:  590:	}
    #####:  591:    }
    #####:  592:  highScore = players[j];
        -:  593:
        -:  594:  //add 1 to players who had less turns
    #####:  595:  currentPlayer = whoseTurn(state);
    #####:  596:  for (i = 0; i < MAX_PLAYERS; i++)
branch  0 never executed
branch  1 never executed
        -:  597:    {
    #####:  598:      if ( players[i] == highScore && i > currentPlayer )
branch  0 never executed
branch  1 never executed
branch  2 never executed
branch  3 never executed
        -:  599:	{
    #####:  600:	  players[i]++;
    #####:  601:	}
    #####:  602:    }
        -:  603:
        -:  604:  //find new highest score
    #####:  605:  j = 0;
    #####:  606:  for (i = 0; i < MAX_PLAYERS; i++)
branch  0 never executed
branch  1 never executed
        -:  607:    {
    #####:  608:      if ( players[i] > players[j] )
branch  0 never executed
branch  1 never executed
        -:  609:	{
    #####:  610:	  j = i;
    #####:  611:	}
    #####:  612:    }
    #####:  613:  highScore = players[j];
        -:  614:
        -:  615:  //set winners in array to 1 and rest to 0
    #####:  616:  for (i = 0; i < MAX_PLAYERS; i++)
branch  0 never executed
branch  1 never executed
        -:  617:    {
    #####:  618:      if ( players[i] == highScore )
branch  0 never executed
branch  1 never executed
        -:  619:	{
    #####:  620:	  players[i] = 1;
    #####:  621:	}
        -:  622:      else
        -:  623:	{
    #####:  624:	  players[i] = 0;
        -:  625:	}
    #####:  626:    }
        -:  627:
    #####:  628:  return 0;
        -:  629:}
        -:  630:
function drawCard called 69 returned 100% blocks executed 41%
        -:  631:int drawCard(int player, struct gameState *state)
        -:  632:{	int count;
        -:  633:  int deckCounter;
       69:  634:  if (state->deckCount[player] <= 0){//Deck is empty
branch  0 taken 0%
branch  1 taken 100%
        -:  635:    
        -:  636:    //Step 1 Shuffle the discard pile back into a deck
        -:  637:    int i;
        -:  638:    //Move discard to deck
    #####:  639:    for (i = 0; i < state->discardCount[player];i++){
branch  0 never executed
branch  1 never executed
    #####:  640:      state->deck[player][i] = state->discard[player][i];
    #####:  641:      state->discard[player][i] = -1;
    #####:  642:    }
        -:  643:
    #####:  644:    state->deckCount[player] = state->discardCount[player];
    #####:  645:    state->discardCount[player] = 0;//Reset discard
        -:  646:
        -:  647:    //Shufffle the deck
    #####:  648:    shuffle(player, state);//Shuffle the deck up and make it so that we can draw
        -:  649:   
        -:  650:    if (DEBUG){//Debug statements
        -:  651:      printf("Deck count now: %d\n", state->deckCount[player]);
        -:  652:    }
        -:  653:    
    #####:  654:    state->discardCount[player] = 0;
        -:  655:
        -:  656:    //Step 2 Draw Card
    #####:  657:    count = state->handCount[player];//Get current player's hand count
        -:  658:    
        -:  659:    if (DEBUG){//Debug statements
        -:  660:      printf("Current hand count: %d\n", count);
        -:  661:    }
        -:  662:    
    #####:  663:    deckCounter = state->deckCount[player];//Create a holder for the deck count
        -:  664:
    #####:  665:    if (deckCounter == 0)
branch  0 never executed
branch  1 never executed
    #####:  666:      return -1;
        -:  667:
    #####:  668:    state->hand[player][count] = state->deck[player][deckCounter - 1];//Add card to hand
    #####:  669:    state->deckCount[player]--;
    #####:  670:    state->handCount[player]++;//Increment hand count
    #####:  671:  }
        -:  672:
        -:  673:  else{
       69:  674:    int count = state->handCount[player];//Get current hand count for player
        -:  675:    int deckCounter;
        -:  676:    if (DEBUG){//Debug statements
        -:  677:      printf("Current hand count: %d\n", count);
        -:  678:    }
        -:  679:
       69:  680:    deckCounter = state->deckCount[player];//Create holder for the deck count
       69:  681:    state->hand[player][count] = state->deck[player][deckCounter - 1];//Add card to the hand
       69:  682:    state->deckCount[player]--;
       69:  683:    state->handCount[player]++;//Increment hand count
        -:  684:  }
        -:  685:
       69:  686:  return 0;
       69:  687:}
        -:  688:
function getCost called 27 returned 100% blocks executed 96%
        -:  689:int getCost(int cardNumber)
        -:  690:{
       27:  691:  switch( cardNumber ) 
branch  0 taken 4%
branch  1 taken 4%
branch  2 taken 4%
branch  3 taken 4%
branch  4 taken 4%
branch  5 taken 4%
branch  6 taken 4%
branch  7 taken 4%
branch  8 taken 4%
branch  9 taken 4%
branch 10 taken 4%
branch 11 taken 4%
branch 12 taken 4%
branch 13 taken 4%
branch 14 taken 4%
branch 15 taken 4%
branch 16 taken 4%
branch 17 taken 4%
branch 18 taken 4%
branch 19 taken 4%
branch 20 taken 4%
branch 21 taken 4%
branch 22 taken 4%
branch 23 taken 4%
branch 24 taken 4%
branch 25 taken 4%
branch 26 taken 4%
branch 27 taken 0%
        -:  692:    {
        -:  693:    case curse:
        1:  694:      return 0;
        -:  695:    case estate:
        1:  696:      return 2;
        -:  697:    case duchy:
        1:  698:      return 5;
        -:  699:    case province:
        1:  700:      return 8;
        -:  701:    case copper:
        1:  702:      return 0;
        -:  703:    case silver:
        1:  704:      return 3;
        -:  705:    case gold:
        1:  706:      return 6;
        -:  707:    case adventurer:
        1:  708:      return 6;
        -:  709:    case council_room:
        1:  710:      return 5;
        -:  711:    case feast:
        1:  712:      return 4;
        -:  713:    case gardens:
        1:  714:      return 4;
        -:  715:    case mine:
        1:  716:      return 5;
        -:  717:    case remodel:
        1:  718:      return 4;
        -:  719:    case smithy:
        1:  720:      return 4;
        -:  721:    case village:
        1:  722:      return 3;
        -:  723:    case baron:
        1:  724:      return 4;
        -:  725:    case great_hall:
        1:  726:      return 3;
        -:  727:    case minion:
        1:  728:      return 5;
        -:  729:    case steward:
        1:  730:      return 3;
        -:  731:    case tribute:
        1:  732:      return 5;
        -:  733:    case ambassador:
        1:  734:      return 3;
        -:  735:    case cutpurse:
        1:  736:      return 4;
        -:  737:    case embargo: 
        1:  738:      return 2;
        -:  739:    case outpost:
        1:  740:      return 5;
        -:  741:    case salvager:
        1:  742:      return 4;
        -:  743:    case sea_hag:
        1:  744:      return 4;
        -:  745:    case treasure_map:
        1:  746:      return 4;
        -:  747:    }
        -:  748:	
    #####:  749:  return -1;
       27:  750:}
        -:  751:
function cardEffect called 0 returned 0% blocks executed 0%
        -:  752:int cardEffect(int card, int choice1, int choice2, int choice3, struct gameState *state, int handPos, int *bonus)
        -:  753:{
        -:  754:  int i;
        -:  755:  int j;
        -:  756:  int k;
        -:  757:  int x;
        -:  758:  int index;
    #####:  759:  int currentPlayer = whoseTurn(state);
    #####:  760:  int nextPlayer = currentPlayer + 1;
        -:  761:
    #####:  762:  int tributeRevealedCards[2] = {-1, -1};
        -:  763:  int temphand[MAX_HAND];// moved above the if statement
    #####:  764:  int drawntreasure=0;
        -:  765:  int cardDrawn;
    #####:  766:  int z = 0;// this is the counter for the temp hand
    #####:  767:  if (nextPlayer > (state->numPlayers - 1)){
branch  0 never executed
branch  1 never executed
    #####:  768:    nextPlayer = 0;
    #####:  769:  }
        -:  770:  
        -:  771:	
        -:  772:  //uses switch to select card and perform actions
    #####:  773:  switch( card ) 
branch  0 never executed
branch  1 never executed
branch  2 never executed
branch  3 never executed
branch  4 never executed
branch  5 never executed
branch  6 never executed
branch  7 never executed
branch  8 never executed
branch  9 never executed
branch 10 never executed
branch 11 never executed
branch 12 never executed
branch 13 never executed
branch 14 never executed
branch 15 never executed
branch 16 never executed
branch 17 never executed
branch 18 never executed
branch 19 never executed
branch 20 never executed
        -:  774:    {
        -:  775:    case adventurer:
    #####:  776:      adventurerCase(drawntreasure, state, currentPlayer, z, temphand, cardDrawn);
    #####:  777:      return 0;
        -:  778:
        -:  779:    case council_room:
    #####:  780:      councilRoomCase(i, currentPlayer, state, handPos);
    #####:  781:      return 0;
        -:  782:	
        -:  783:    case feast:
        -:  784:      //gain card with cost up to 5
        -:  785:      //Backup hand
    #####:  786:      for (i = 0; i <= state->handCount[currentPlayer]; i++){
branch  0 never executed
branch  1 never executed
    #####:  787:	temphand[i] = state->hand[currentPlayer][i];//Backup card
    #####:  788:	state->hand[currentPlayer][i] = -1;//Set to nothing
    #####:  789:      }
        -:  790:      //Backup hand
        -:  791:
        -:  792:      //Update Coins for Buy
    #####:  793:      updateCoins(currentPlayer, state, 5);
    #####:  794:      x = 1;//Condition to loop on
    #####:  795:      while( x == 1) {//Buy one card
branch  0 never executed
branch  1 never executed
    #####:  796:	if (supplyCount(choice1, state) <= 0){
branch  0 never executed
branch  1 never executed
        -:  797:	  if (DEBUG)
        -:  798:	    printf("None of that card left, sorry!\n");
        -:  799:
        -:  800:	  if (DEBUG){
        -:  801:	    printf("Cards Left: %d\n", supplyCount(choice1, state));
        -:  802:	  }
    #####:  803:	}
    #####:  804:	else if (state->coins < getCost(choice1)){
branch  0 never executed
branch  1 never executed
    #####:  805:	  printf("That card is too expensive!\n");
        -:  806:
        -:  807:	  if (DEBUG){
        -:  808:	    printf("Coins: %d < %d\n", state->coins, getCost(choice1));
        -:  809:	  }
    #####:  810:	}
        -:  811:	else{
        -:  812:
        -:  813:	  if (DEBUG){
        -:  814:	    printf("Deck Count: %d\n", state->handCount[currentPlayer] + state->deckCount[currentPlayer] + state->discardCount[currentPlayer]);
        -:  815:	  }
        -:  816:
    #####:  817:	  gainCard(choice1, state, 0, currentPlayer);//Gain the card
    #####:  818:	  x = 0;//No more buying cards
        -:  819:
        -:  820:	  if (DEBUG){
        -:  821:	    printf("Deck Count: %d\n", state->handCount[currentPlayer] + state->deckCount[currentPlayer] + state->discardCount[currentPlayer]);
        -:  822:	  }
        -:  823:
        -:  824:	}
        -:  825:      }     
        -:  826:
        -:  827:      //Reset Hand
    #####:  828:      for (i = 0; i <= state->handCount[currentPlayer]; i++){
branch  0 never executed
branch  1 never executed
    #####:  829:	state->hand[currentPlayer][i] = temphand[i];
    #####:  830:	temphand[i] = -1;
    #####:  831:      }
        -:  832:      //Reset Hand
        -:  833:      			
    #####:  834:      return 0;
        -:  835:			
        -:  836:    case gardens:
    #####:  837:      return -1;
        -:  838:			
        -:  839:    case mine:
    #####:  840:        mineCase(i, j, state, currentPlayer, choice1, choice2, handPos);
    #####:  841:        return 0;
        -:  842:        	
        -:  843:    case remodel:
    #####:  844:      j = state->hand[currentPlayer][choice1];  //store card we will trash
        -:  845:
    #####:  846:      if ( (getCost(state->hand[currentPlayer][choice1]) + 2) > getCost(choice2) )
branch  0 never executed
branch  1 never executed
        -:  847:	{
    #####:  848:	  return -1;
        -:  849:	}
        -:  850:
    #####:  851:      gainCard(choice2, state, 0, currentPlayer);
        -:  852:
        -:  853:      //discard card from hand
    #####:  854:      discardCard(handPos, currentPlayer, state, 0);
        -:  855:
        -:  856:      //discard trashed card
    #####:  857:      for (i = 0; i < state->handCount[currentPlayer]; i++)
branch  0 never executed
branch  1 never executed
        -:  858:	{
    #####:  859:	  if (state->hand[currentPlayer][i] == j)
branch  0 never executed
branch  1 never executed
        -:  860:	    {
    #####:  861:	      discardCard(i, currentPlayer, state, 0);			
    #####:  862:	      break;
        -:  863:	    }
    #####:  864:	}
        -:  865:
        -:  866:
    #####:  867:      return 0;
        -:  868:		
        -:  869:    case smithy:
    #####:  870:      smithyCase(i, state, currentPlayer, handPos);
    #####:  871:      return 0;
        -:  872:
        -:  873:    case village:
    #####:  874:      villageCase(currentPlayer, state, handPos);
    #####:  875:      return 0;
        -:  876:
        -:  877:    case baron:
    #####:  878:      state->numBuys++;//Increase buys by 1!
    #####:  879:      if (choice1 > 0){//Boolean true or going to discard an estate
branch  0 never executed
branch  1 never executed
    #####:  880:	int p = 0;//Iterator for hand!
    #####:  881:	int card_not_discarded = 1;//Flag for discard set!
    #####:  882:	while(card_not_discarded){
branch  0 never executed
branch  1 never executed
    #####:  883:	  if (state->hand[currentPlayer][p] == estate){//Found an estate card!
branch  0 never executed
branch  1 never executed
    #####:  884:	    state->coins += 4;//Add 4 coins to the amount of coins
    #####:  885:	    state->discard[currentPlayer][state->discardCount[currentPlayer]] = state->hand[currentPlayer][p];
    #####:  886:	    state->discardCount[currentPlayer]++;
    #####:  887:	    for (;p < state->handCount[currentPlayer]; p++){
branch  0 never executed
branch  1 never executed
    #####:  888:	      state->hand[currentPlayer][p] = state->hand[currentPlayer][p+1];
    #####:  889:	    }
    #####:  890:	    state->hand[currentPlayer][state->handCount[currentPlayer]] = -1;
    #####:  891:	    state->handCount[currentPlayer]--;
    #####:  892:	    card_not_discarded = 0;//Exit the loop
    #####:  893:	  }
    #####:  894:	  else if (p > state->handCount[currentPlayer]){
branch  0 never executed
branch  1 never executed
        -:  895:	    if(DEBUG) {
        -:  896:	      printf("No estate cards in your hand, invalid choice\n");
        -:  897:	      printf("Must gain an estate if there are any\n");
        -:  898:	    }
    #####:  899:	    if (supplyCount(estate, state) > 0){
branch  0 never executed
branch  1 never executed
    #####:  900:	      gainCard(estate, state, 0, currentPlayer);
    #####:  901:	      state->supplyCount[estate]--;//Decrement estates
    #####:  902:	      if (supplyCount(estate, state) == 0){
branch  0 never executed
branch  1 never executed
    #####:  903:		isGameOver(state);
    #####:  904:	      }
    #####:  905:	    }
    #####:  906:	    card_not_discarded = 0;//Exit the loop
    #####:  907:	  }
        -:  908:			    
        -:  909:	  else{
    #####:  910:	    p++;//Next card
        -:  911:	  }
        -:  912:	}
    #####:  913:      }
        -:  914:			    
        -:  915:      else{
    #####:  916:	if (supplyCount(estate, state) > 0){
branch  0 never executed
branch  1 never executed
    #####:  917:	  gainCard(estate, state, 0, currentPlayer);//Gain an estate
    #####:  918:	  state->supplyCount[estate]--;//Decrement Estates
    #####:  919:	  if (supplyCount(estate, state) == 0){
branch  0 never executed
branch  1 never executed
    #####:  920:	    isGameOver(state);
    #####:  921:	  }
    #####:  922:	}
        -:  923:      }
        -:  924:	    
        -:  925:      
    #####:  926:      return 0;
        -:  927:		
        -:  928:    case great_hall:
        -:  929:      //+1 Card
    #####:  930:      drawCard(currentPlayer, state);
        -:  931:			
        -:  932:      //+1 Actions
    #####:  933:      state->numActions++;
        -:  934:			
        -:  935:      //discard card from hand
    #####:  936:      discardCard(handPos, currentPlayer, state, 0);
    #####:  937:      return 0;
        -:  938:		
        -:  939:    case minion:
        -:  940:      //+1 action
    #####:  941:      state->numActions++;
        -:  942:			
        -:  943:      //discard card from hand
    #####:  944:      discardCard(handPos, currentPlayer, state, 0);
        -:  945:			
    #####:  946:      if (choice1)		//+2 coins
branch  0 never executed
branch  1 never executed
        -:  947:	{
    #####:  948:	  state->coins = state->coins + 2;
    #####:  949:	}
        -:  950:			
    #####:  951:      else if (choice2)		//discard hand, redraw 4, other players with 5+ cards discard hand and draw 4
branch  0 never executed
branch  1 never executed
        -:  952:	{
        -:  953:	  //discard hand
    #####:  954:	  while(numHandCards(state) > 0)
branch  0 never executed
branch  1 never executed
        -:  955:	    {
    #####:  956:	      discardCard(handPos, currentPlayer, state, 0);
        -:  957:	    }
        -:  958:				
        -:  959:	  //draw 4
    #####:  960:	  for (i = 0; i < 4; i++)
branch  0 never executed
branch  1 never executed
        -:  961:	    {
    #####:  962:	      drawCard(currentPlayer, state);
    #####:  963:	    }
        -:  964:				
        -:  965:	  //other players discard hand and redraw if hand size > 4
    #####:  966:	  for (i = 0; i < state->numPlayers; i++)
branch  0 never executed
branch  1 never executed
        -:  967:	    {
    #####:  968:	      if (i != currentPlayer)
branch  0 never executed
branch  1 never executed
        -:  969:		{
    #####:  970:		  if ( state->handCount[i] > 4 )
branch  0 never executed
branch  1 never executed
        -:  971:		    {
        -:  972:		      //discard hand
    #####:  973:		      while( state->handCount[i] > 0 )
branch  0 never executed
branch  1 never executed
        -:  974:			{
    #####:  975:			  discardCard(handPos, i, state, 0);
        -:  976:			}
        -:  977:							
        -:  978:		      //draw 4
    #####:  979:		      for (j = 0; j < 4; j++)
branch  0 never executed
branch  1 never executed
        -:  980:			{
    #####:  981:			  drawCard(i, state);
    #####:  982:			}
    #####:  983:		    }
    #####:  984:		}
    #####:  985:	    }
        -:  986:				
    #####:  987:	}
    #####:  988:      return 0;
        -:  989:		
        -:  990:    case steward:
    #####:  991:      if (choice1 == 1)
branch  0 never executed
branch  1 never executed
        -:  992:	{
        -:  993:	  //+2 cards
    #####:  994:	  drawCard(currentPlayer, state);
    #####:  995:	  drawCard(currentPlayer, state);
    #####:  996:	}
    #####:  997:      else if (choice1 == 2)
branch  0 never executed
branch  1 never executed
        -:  998:	{
        -:  999:	  //+2 coins
    #####: 1000:	  state->coins = state->coins + 2;
    #####: 1001:	}
        -: 1002:      else
        -: 1003:	{
        -: 1004:	  //trash 2 cards in hand
    #####: 1005:	  discardCard(choice2, currentPlayer, state, 1);
    #####: 1006:	  discardCard(choice3, currentPlayer, state, 1);
        -: 1007:	}
        -: 1008:			
        -: 1009:      //discard card from hand
    #####: 1010:      discardCard(handPos, currentPlayer, state, 0);
    #####: 1011:      return 0;
        -: 1012:		
        -: 1013:    case tribute:
    #####: 1014:      if ((state->discardCount[nextPlayer] + state->deckCount[nextPlayer]) <= 1){
branch  0 never executed
branch  1 never executed
    #####: 1015:	if (state->deckCount[nextPlayer] > 0){
branch  0 never executed
branch  1 never executed
    #####: 1016:	  tributeRevealedCards[0] = state->deck[nextPlayer][state->deckCount[nextPlayer]-1];
    #####: 1017:	  state->deckCount[nextPlayer]--;
    #####: 1018:	}
    #####: 1019:	else if (state->discardCount[nextPlayer] > 0){
branch  0 never executed
branch  1 never executed
    #####: 1020:	  tributeRevealedCards[0] = state->discard[nextPlayer][state->discardCount[nextPlayer]-1];
    #####: 1021:	  state->discardCount[nextPlayer]--;
    #####: 1022:	}
        -: 1023:	else{
        -: 1024:	  //No Card to Reveal
        -: 1025:	  if (DEBUG){
        -: 1026:	    printf("No cards to reveal\n");
        -: 1027:	  }
        -: 1028:	}
    #####: 1029:      }
        -: 1030:	    
        -: 1031:      else{
    #####: 1032:	if (state->deckCount[nextPlayer] == 0){
branch  0 never executed
branch  1 never executed
    #####: 1033:	  for (i = 0; i < state->discardCount[nextPlayer]; i++){
branch  0 never executed
branch  1 never executed
    #####: 1034:	    state->deck[nextPlayer][i] = state->discard[nextPlayer][i];//Move to deck
    #####: 1035:	    state->deckCount[nextPlayer]++;
    #####: 1036:	    state->discard[nextPlayer][i] = -1;
    #####: 1037:	    state->discardCount[nextPlayer]--;
    #####: 1038:	  }
        -: 1039:			    
    #####: 1040:	  shuffle(nextPlayer,state);//Shuffle the deck
    #####: 1041:	} 
    #####: 1042:	tributeRevealedCards[0] = state->deck[nextPlayer][state->deckCount[nextPlayer]-1];
    #####: 1043:	state->deck[nextPlayer][state->deckCount[nextPlayer]--] = -1;
    #####: 1044:	state->deckCount[nextPlayer]--;
    #####: 1045:	tributeRevealedCards[1] = state->deck[nextPlayer][state->deckCount[nextPlayer]-1];
    #####: 1046:	state->deck[nextPlayer][state->deckCount[nextPlayer]--] = -1;
    #####: 1047:	state->deckCount[nextPlayer]--;
        -: 1048:      }    
        -: 1049:		       
    #####: 1050:      if (tributeRevealedCards[0] == tributeRevealedCards[1]){//If we have a duplicate card, just drop one 
branch  0 never executed
branch  1 never executed
    #####: 1051:	state->playedCards[state->playedCardCount] = tributeRevealedCards[1];
    #####: 1052:	state->playedCardCount++;
    #####: 1053:	tributeRevealedCards[1] = -1;
    #####: 1054:      }
        -: 1055:
    #####: 1056:      for (i = 0; i <= 2; i ++){
branch  0 never executed
branch  1 never executed
    #####: 1057:	if (tributeRevealedCards[i] == copper || tributeRevealedCards[i] == silver || tributeRevealedCards[i] == gold){//Treasure cards
branch  0 never executed
branch  1 never executed
branch  2 never executed
branch  3 never executed
branch  4 never executed
branch  5 never executed
    #####: 1058:	  state->coins += 2;
    #####: 1059:	}
        -: 1060:		    
    #####: 1061:	else if (tributeRevealedCards[i] == estate || tributeRevealedCards[i] == duchy || tributeRevealedCards[i] == province || tributeRevealedCards[i] == gardens || tributeRevealedCards[i] == great_hall){//Victory Card Found
branch  0 never executed
branch  1 never executed
branch  2 never executed
branch  3 never executed
branch  4 never executed
branch  5 never executed
branch  6 never executed
branch  7 never executed
branch  8 never executed
branch  9 never executed
    #####: 1062:	  drawCard(currentPlayer, state);
    #####: 1063:	  drawCard(currentPlayer, state);
    #####: 1064:	}
        -: 1065:	else{//Action Card
    #####: 1066:	  state->numActions = state->numActions + 2;
        -: 1067:	}
    #####: 1068:      }
        -: 1069:	    
    #####: 1070:      return 0;
        -: 1071:		
        -: 1072:    case ambassador:
    #####: 1073:      j = 0;		//used to check if player has enough cards to discard
        -: 1074:
    #####: 1075:      if (choice2 > 2 || choice2 < 0)
branch  0 never executed
branch  1 never executed
branch  2 never executed
branch  3 never executed
        -: 1076:	{
    #####: 1077:	  return -1;				
        -: 1078:	}
        -: 1079:
    #####: 1080:      if (choice1 == handPos)
branch  0 never executed
branch  1 never executed
        -: 1081:	{
    #####: 1082:	  return -1;
        -: 1083:	}
        -: 1084:
    #####: 1085:      for (i = 0; i < state->handCount[currentPlayer]; i++)
branch  0 never executed
branch  1 never executed
        -: 1086:	{
    #####: 1087:	  if (i != handPos && i == state->hand[currentPlayer][choice1] && i != choice1)
branch  0 never executed
branch  1 never executed
branch  2 never executed
branch  3 never executed
branch  4 never executed
branch  5 never executed
        -: 1088:	    {
    #####: 1089:	      j++;
    #####: 1090:	    }
    #####: 1091:	}
    #####: 1092:      if (j < choice2)
branch  0 never executed
branch  1 never executed
        -: 1093:	{
    #####: 1094:	  return -1;				
        -: 1095:	}
        -: 1096:
        -: 1097:      if (DEBUG) 
        -: 1098:	printf("Player %d reveals card number: %d\n", currentPlayer, state->hand[currentPlayer][choice1]);
        -: 1099:
        -: 1100:      //increase supply count for choosen card by amount being discarded
    #####: 1101:      state->supplyCount[state->hand[currentPlayer][choice1]] += choice2;
        -: 1102:			
        -: 1103:      //each other player gains a copy of revealed card
    #####: 1104:      for (i = 0; i < state->numPlayers; i++)
branch  0 never executed
branch  1 never executed
        -: 1105:	{
    #####: 1106:	  if (i != currentPlayer)
branch  0 never executed
branch  1 never executed
        -: 1107:	    {
    #####: 1108:	      gainCard(state->hand[currentPlayer][choice1], state, 0, i);
    #####: 1109:	    }
    #####: 1110:	}
        -: 1111:
        -: 1112:      //discard played card from hand
    #####: 1113:      discardCard(handPos, currentPlayer, state, 0);			
        -: 1114:
        -: 1115:      //trash copies of cards returned to supply
    #####: 1116:      for (j = 0; j < choice2; j++)
branch  0 never executed
branch  1 never executed
        -: 1117:	{
    #####: 1118:	  for (i = 0; i < state->handCount[currentPlayer]; i++)
branch  0 never executed
branch  1 never executed
        -: 1119:	    {
    #####: 1120:	      if (state->hand[currentPlayer][i] == state->hand[currentPlayer][choice1])
branch  0 never executed
branch  1 never executed
        -: 1121:		{
    #####: 1122:		  discardCard(i, currentPlayer, state, 1);
    #####: 1123:		  break;
        -: 1124:		}
    #####: 1125:	    }
    #####: 1126:	}			
        -: 1127:
    #####: 1128:      return 0;
        -: 1129:		
        -: 1130:    case cutpurse:
        -: 1131:
    #####: 1132:      updateCoins(currentPlayer, state, 2);
    #####: 1133:      for (i = 0; i < state->numPlayers; i++)
branch  0 never executed
branch  1 never executed
        -: 1134:	{
    #####: 1135:	  if (i != currentPlayer)
branch  0 never executed
branch  1 never executed
        -: 1136:	    {
    #####: 1137:	      for (j = 0; j < state->handCount[i]; j++)
branch  0 never executed
branch  1 never executed
        -: 1138:		{
    #####: 1139:		  if (state->hand[i][j] == copper)
branch  0 never executed
branch  1 never executed
        -: 1140:		    {
    #####: 1141:		      discardCard(j, i, state, 0);
    #####: 1142:		      break;
        -: 1143:		    }
    #####: 1144:		  if (j == state->handCount[i])
branch  0 never executed
branch  1 never executed
        -: 1145:		    {
    #####: 1146:		      for (k = 0; k < state->handCount[i]; k++)
branch  0 never executed
branch  1 never executed
        -: 1147:			{
        -: 1148:			  if (DEBUG)
        -: 1149:			    printf("Player %d reveals card number %d\n", i, state->hand[i][k]);
    #####: 1150:			}	
    #####: 1151:		      break;
        -: 1152:		    }		
    #####: 1153:		}
        -: 1154:					
    #####: 1155:	    }
        -: 1156:				
    #####: 1157:	}				
        -: 1158:
        -: 1159:      //discard played card from hand
    #####: 1160:      discardCard(handPos, currentPlayer, state, 0);			
        -: 1161:
    #####: 1162:      return 0;
        -: 1163:
        -: 1164:		
        -: 1165:    case embargo: 
        -: 1166:      //+2 Coins
    #####: 1167:      state->coins = state->coins + 2;
        -: 1168:			
        -: 1169:      //see if selected pile is in play
    #####: 1170:      if ( state->supplyCount[choice1] == -1 )
branch  0 never executed
branch  1 never executed
        -: 1171:	{
    #####: 1172:	  return -1;
        -: 1173:	}
        -: 1174:			
        -: 1175:      //add embargo token to selected supply pile
    #####: 1176:      state->embargoTokens[choice1]++;
        -: 1177:			
        -: 1178:      //trash card
    #####: 1179:      discardCard(handPos, currentPlayer, state, 1);		
    #####: 1180:      return 0;
        -: 1181:		
        -: 1182:    case outpost:
        -: 1183:      //set outpost flag
    #####: 1184:      state->outpostPlayed++;
        -: 1185:			
        -: 1186:      //discard card
    #####: 1187:      discardCard(handPos, currentPlayer, state, 0);
    #####: 1188:      return 0;
        -: 1189:		
        -: 1190:    case salvager:
        -: 1191:      //+1 buy
    #####: 1192:      state->numBuys++;
        -: 1193:			
    #####: 1194:      if (choice1)
branch  0 never executed
branch  1 never executed
        -: 1195:	{
        -: 1196:	  //gain coins equal to trashed card
    #####: 1197:	  state->coins = state->coins + getCost( handCard(choice1, state) );
        -: 1198:	  //trash card
    #####: 1199:	  discardCard(choice1, currentPlayer, state, 1);	
    #####: 1200:	}
        -: 1201:			
        -: 1202:      //discard card
    #####: 1203:      discardCard(handPos, currentPlayer, state, 0);
    #####: 1204:      return 0;
        -: 1205:		
        -: 1206:    case sea_hag:
    #####: 1207:      for (i = 0; i < state->numPlayers; i++){
branch  0 never executed
branch  1 never executed
    #####: 1208:	if (i != currentPlayer){
branch  0 never executed
branch  1 never executed
    #####: 1209:	  state->discard[i][state->discardCount[i]] = state->deck[i][state->deckCount[i]--];			    state->deckCount[i]--;
    #####: 1210:	  state->discardCount[i]++;
    #####: 1211:	  state->deck[i][state->deckCount[i]--] = curse;//Top card now a curse
    #####: 1212:	}
    #####: 1213:      }
    #####: 1214:      return 0;
        -: 1215:		
        -: 1216:    case treasure_map:
        -: 1217:      //search hand for another treasure_map
    #####: 1218:      index = -1;
    #####: 1219:      for (i = 0; i < state->handCount[currentPlayer]; i++)
branch  0 never executed
branch  1 never executed
        -: 1220:	{
    #####: 1221:	  if (state->hand[currentPlayer][i] == treasure_map && i != handPos)
branch  0 never executed
branch  1 never executed
branch  2 never executed
branch  3 never executed
        -: 1222:	    {
    #####: 1223:	      index = i;
    #####: 1224:	      break;
        -: 1225:	    }
    #####: 1226:	}
    #####: 1227:      if (index > -1)
branch  0 never executed
branch  1 never executed
        -: 1228:	{
        -: 1229:	  //trash both treasure cards
    #####: 1230:	  discardCard(handPos, currentPlayer, state, 1);
    #####: 1231:	  discardCard(index, currentPlayer, state, 1);
        -: 1232:
        -: 1233:	  //gain 4 Gold cards
    #####: 1234:	  for (i = 0; i < 4; i++)
branch  0 never executed
branch  1 never executed
        -: 1235:	    {
    #####: 1236:	      gainCard(gold, state, 1, currentPlayer);
    #####: 1237:	    }
        -: 1238:				
        -: 1239:	  //return success
    #####: 1240:	  return 1;
        -: 1241:	}
        -: 1242:			
        -: 1243:      //no second treasure_map found in hand
    #####: 1244:      return -1;
        -: 1245:    }
        -: 1246:	
    #####: 1247:  return -1;
    #####: 1248:}
        -: 1249:
function discardCard called 3 returned 100% blocks executed 80%
        -: 1250:int discardCard(int handPos, int currentPlayer, struct gameState *state, int trashFlag)
        -: 1251:{
        -: 1252:	
        -: 1253:  //if card is not trashed, added to Played pile 
        3: 1254:  if (trashFlag < 1)
branch  0 taken 67%
branch  1 taken 33%
        -: 1255:    {
        -: 1256:      //add card to played pile
        2: 1257:      state->playedCards[state->playedCardCount] = state->hand[currentPlayer][handPos]; 
        2: 1258:      state->playedCardCount++;
        2: 1259:    }
        -: 1260:	
        -: 1261:  //set played card to -1
        3: 1262:  state->hand[currentPlayer][handPos] = -1;
        -: 1263:	
        -: 1264:  //remove card from player's hand
        3: 1265:  if ( handPos == (state->handCount[currentPlayer] - 1) ) 	//last card in hand array is played
branch  0 taken 0%
branch  1 taken 100%
        -: 1266:    {
        -: 1267:      //reduce number of cards in hand
    #####: 1268:      state->handCount[currentPlayer]--;
    #####: 1269:    }
        3: 1270:  else if ( state->handCount[currentPlayer] == 1 ) //only one card in hand
branch  0 taken 0%
branch  1 taken 100%
        -: 1271:    {
        -: 1272:      //reduce number of cards in hand
    #####: 1273:      state->handCount[currentPlayer]--;
    #####: 1274:    }
        -: 1275:  else 	
        -: 1276:    {
        -: 1277:      //replace discarded card with last card in hand
        3: 1278:      state->hand[currentPlayer][handPos] = state->hand[currentPlayer][ (state->handCount[currentPlayer] - 1)];
        -: 1279:      //set last card to -1
        3: 1280:      state->hand[currentPlayer][state->handCount[currentPlayer] - 1] = -1;
        -: 1281:      //reduce number of cards in hand
        3: 1282:      state->handCount[currentPlayer]--;
        -: 1283:    }
        -: 1284:	
        3: 1285:  return 0;
        -: 1286:}
        -: 1287:
function gainCard called 0 returned 0% blocks executed 0%
        -: 1288:int gainCard(int supplyPos, struct gameState *state, int toFlag, int player)
        -: 1289:{
        -: 1290:  //Note: supplyPos is enum of choosen card
        -: 1291:	
        -: 1292:  //check if supply pile is empty (0) or card is not used in game (-1)
    #####: 1293:  if ( supplyCount(supplyPos, state) < 1 )
branch  0 never executed
branch  1 never executed
        -: 1294:    {
    #####: 1295:      return -1;
        -: 1296:    }
        -: 1297:	
        -: 1298:  //added card for [whoseTurn] current player:
        -: 1299:  // toFlag = 0 : add to discard
        -: 1300:  // toFlag = 1 : add to deck
        -: 1301:  // toFlag = 2 : add to hand
        -: 1302:
    #####: 1303:  if (toFlag == 1)
branch  0 never executed
branch  1 never executed
        -: 1304:    {
    #####: 1305:      state->deck[ player ][ state->deckCount[player] ] = supplyPos;
    #####: 1306:      state->deckCount[player]++;
    #####: 1307:    }
    #####: 1308:  else if (toFlag == 2)
branch  0 never executed
branch  1 never executed
        -: 1309:    {
    #####: 1310:      state->hand[ player ][ state->handCount[player] ] = supplyPos;
    #####: 1311:      state->handCount[player]++;
    #####: 1312:    }
        -: 1313:  else
        -: 1314:    {
    #####: 1315:      state->discard[player][ state->discardCount[player] ] = supplyPos;
    #####: 1316:      state->discardCount[player]++;
        -: 1317:    }
        -: 1318:	
        -: 1319:  //decrease number in supply pile
    #####: 1320:  state->supplyCount[supplyPos]--;
        -: 1321:	 
    #####: 1322:  return 0;
    #####: 1323:}
        -: 1324:
function updateCoins called 11 returned 100% blocks executed 85%
        -: 1325:int updateCoins(int player, struct gameState *state, int bonus)
        -: 1326:{
        -: 1327:  int i;
        -: 1328:	
        -: 1329:  //reset coin count
       11: 1330:  state->coins = 0;
        -: 1331:
        -: 1332:  //add coins for each Treasure card in player's hand
      132: 1333:  for (i = 0; i < state->handCount[player]; i++)
branch  0 taken 83%
branch  1 taken 17%
        -: 1334:    {
       55: 1335:      if (state->hand[player][i] == copper)
branch  0 taken 76%
branch  1 taken 24%
        -: 1336:	{
       42: 1337:	  state->coins += 1;
       42: 1338:	}
       13: 1339:      else if (state->hand[player][i] == silver)
branch  0 taken 0%
branch  1 taken 100%
        -: 1340:	{
    #####: 1341:	  state->coins += 2;
    #####: 1342:	}
       13: 1343:      else if (state->hand[player][i] == gold)
branch  0 taken 0%
branch  1 taken 100%
        -: 1344:	{
    #####: 1345:	  state->coins += 3;
    #####: 1346:	}	
       55: 1347:    }	
        -: 1348:
        -: 1349:  //add bonus
       11: 1350:  state->coins += bonus;
        -: 1351:
       11: 1352:  return 0;
        -: 1353:}
        -: 1354:
        -: 1355:
        -: 1356://end of dominion.c
        -: 1357:
